[01m[K/home/xybxy/simulation/src/chassis_hw/src/chassis_hw.cpp:[m[K In member function ‘[01m[Kvirtual void chassis_hw::ChassisHW::read(const ros::Time&, const ros::Duration&)[m[K’:
[01m[K/home/xybxy/simulation/src/chassis_hw/src/chassis_hw.cpp:107:14:[m[K [01;31m[Kerror: [m[K‘[01m[Kstruct chassis_hw::MotorData[m[K’ has no member named ‘[01m[Kerror_code[m[K’
  107 |     if (data.[01;31m[Kerror_code[m[K != 0)
      |              [01;31m[K^~~~~~~~~~[m[K
In file included from [01m[K/opt/ros/noetic/include/hardware_interface/internal/resource_manager.h:40[m[K,
                 from [01m[K/opt/ros/noetic/include/hardware_interface/internal/hardware_resource_manager.h:36[m[K,
                 from [01m[K/opt/ros/noetic/include/hardware_interface/joint_command_interface.h:35[m[K,
                 from [01m[K/home/xybxy/simulation/src/chassis_hw/include/chassis_hw/chassis_hw.h:5[m[K,
                 from [01m[K/home/xybxy/simulation/src/chassis_hw/src/chassis_hw.cpp:1[m[K:
[01m[K/home/xybxy/simulation/src/chassis_hw/src/chassis_hw.cpp:109:70:[m[K [01;31m[Kerror: [m[K‘[01m[Kstruct chassis_hw::MotorData[m[K’ has no member named ‘[01m[Kerror_code[m[K’
  109 |       ROS_WARN_THROTTLE(1.0, "Motor %d has error code: %d", id, data.[01;31m[Kerror_code[m[K);
      |                                                                      [01;31m[K^~~~~~~~~~[m[K
[01m[K/opt/ros/noetic/include/ros/console.h:351:165:[m[K [01;36m[Knote: [m[Kin definition of macro ‘[01m[KROSCONSOLE_PRINT_AT_LOCATION_WITH_FILTER[m[K’
  351 |     ::ros::console::print(filter, __rosconsole_define_location__loc.logger_, __rosconsole_define_location__loc.level_, __FILE__, __LINE__, __ROSCONSOLE_FUNCTION__, [01;36m[K__VA_ARGS__[m[K)
      |                                                                                                                                                                     [01;36m[K^~~~~~~~~~~[m[K
[01m[K/opt/ros/noetic/include/ros/console.h:466:7:[m[K [01;36m[Knote: [m[Kin expansion of macro ‘[01m[KROSCONSOLE_PRINT_AT_LOCATION[m[K’
  466 |       [01;36m[KROSCONSOLE_PRINT_AT_LOCATION[m[K(__VA_ARGS__); \
      |       [01;36m[K^~~~~~~~~~~~~~~~~~~~~~~~~~~~[m[K
[01m[K/opt/ros/noetic/include/rosconsole/macros_generated.h:174:40:[m[K [01;36m[Knote: [m[Kin expansion of macro ‘[01m[KROS_LOG_THROTTLE[m[K’
  174 | #define ROS_WARN_THROTTLE(period, ...) [01;36m[KROS_LOG_THROTTLE[m[K(period, ::ros::console::levels::Warn, ROSCONSOLE_DEFAULT_NAME, __VA_ARGS__)
      |                                        [01;36m[K^~~~~~~~~~~~~~~~[m[K
[01m[K/home/xybxy/simulation/src/chassis_hw/src/chassis_hw.cpp:109:7:[m[K [01;36m[Knote: [m[Kin expansion of macro ‘[01m[KROS_WARN_THROTTLE[m[K’
  109 |       [01;36m[KROS_WARN_THROTTLE[m[K(1.0, "Motor %d has error code: %d", id, data.error_code);
      |       [01;36m[K^~~~~~~~~~~~~~~~~[m[K
make[2]: *** [CMakeFiles/chassis_hw.dir/build.make:63：CMakeFiles/chassis_hw.dir/src/chassis_hw.cpp.o] 错误 1
make[1]: *** [CMakeFiles/Makefile2:831：CMakeFiles/chassis_hw.dir/all] 错误 2
make: *** [Makefile:141：all] 错误 2
