[  0%] Built target controller_manager_msgs_generate_messages_nodejs
[  0%] Built target rosgraph_msgs_generate_messages_eus
[  0%] Built target roscpp_generate_messages_cpp
[  0%] Built target rosgraph_msgs_generate_messages_cpp
[  0%] Built target rosgraph_msgs_generate_messages_nodejs
[  0%] Built target std_msgs_generate_messages_lisp
[  0%] Built target roscpp_generate_messages_py
[  0%] Built target roscpp_generate_messages_nodejs
[  0%] Built target controller_manager_msgs_generate_messages_cpp
[ 22%] Built target test_plugin_loading
[ 44%] Built target test_usb_can
[ 66%] Built target chassis_plugin_loader
[ 66%] Built target controller_manager_msgs_generate_messages_lisp
[ 66%] Built target controller_manager_msgs_generate_messages_py
[ 66%] Built target std_msgs_generate_messages_py
[ 66%] Built target rosgraph_msgs_generate_messages_py
[ 66%] Built target rosgraph_msgs_generate_messages_lisp
[ 66%] Built target std_msgs_generate_messages_cpp
[ 66%] Built target controller_manager_msgs_generate_messages_eus
[ 66%] Built target roscpp_generate_messages_eus
[ 66%] Built target std_msgs_generate_messages_eus
[ 66%] Built target std_msgs_generate_messages_nodejs
[ 66%] Built target roscpp_generate_messages_lisp
[100%] Built target chassis_hw
