In file included from [01m[K/home/xybxy/simulation/src/chassis_hw/src/chassis_hw.cpp:1[m[K:
[01m[K/home/xybxy/simulation/src/chassis_hw/include/chassis_hw/chassis_hw.h:36:8:[m[K [01;31m[Kerror: [m[Kredefinition of ‘[01m[Kstruct chassis_hw::MotorCommand[m[K’
   36 | struct [01;31m[KMotorCommand[m[K
      |        [01;31m[K^~~~~~~~~~~~[m[K
In file included from [01m[K/home/xybxy/simulation/src/chassis_hw/include/chassis_hw/chassis_hw.h:8[m[K,
                 from [01m[K/home/xybxy/simulation/src/chassis_hw/src/chassis_hw.cpp:1[m[K:
[01m[K/home/xybxy/simulation/src/chassis_hw/include/chassis_hw/motor_types.h:16:8:[m[K [01;36m[Knote: [m[Kprevious definition of ‘[01m[Kstruct chassis_hw::MotorCommand[m[K’
   16 | struct [01;36m[KMotorCommand[m[K
      |        [01;36m[K^~~~~~~~~~~~[m[K
[01m[K/home/xybxy/simulation/src/chassis_hw/src/chassis_hw.cpp:[m[K In member function ‘[01m[Kvirtual bool chassis_hw::ChassisHW::init(ros::NodeHandle&, ros::NodeHandle&)[m[K’:
[01m[K/home/xybxy/simulation/src/chassis_hw/src/chassis_hw.cpp:26:40:[m[K [01;31m[Kerror: [m[K‘[01m[Kmotor_ids_xml[m[K’ was not declared in this scope; did you mean ‘[01m[Kmotor_ids_[m[K’?
   26 | if (!robot_hw_nh.getParam("motor_ids", [01;31m[Kmotor_ids_xml[m[K) ||
      |                                        [01;31m[K^~~~~~~~~~~~~[m[K
      |                                        [32m[Kmotor_ids_[m[K
[01m[K/home/xybxy/simulation/src/chassis_hw/src/chassis_hw.cpp:35:23:[m[K [01;31m[Kerror: [m[K‘[01m[Kmotor_ids_xml[m[K’ was not declared in this scope; did you mean ‘[01m[Kmotor_ids_[m[K’?
   35 |   for (int i = 0; i < [01;31m[Kmotor_ids_xml[m[K.size(); ++i)
      |                       [01;31m[K^~~~~~~~~~~~~[m[K
      |                       [32m[Kmotor_ids_[m[K
make[2]: *** [CMakeFiles/chassis_hw.dir/build.make:63：CMakeFiles/chassis_hw.dir/src/chassis_hw.cpp.o] 错误 1
make[1]: *** [CMakeFiles/Makefile2:746：CMakeFiles/chassis_hw.dir/all] 错误 2
make: *** [Makefile:141：all] 错误 2
