[01m[K/home/xybxy/simulation/src/chassis_hw/src/usb_can.cpp:[m[K In member function ‘[01m[Kbool chassis_hw::UsbCan::init(const string&, const std::vector<int>&, int)[m[K’:
[01m[K/home/xybxy/simulation/src/chassis_hw/src/usb_can.cpp:32:43:[m[K [01;31m[Kerror: [m[Kinvalid use of incomplete type ‘[01m[Kstd::map<int, chassis_hw::MotorData>::mapped_type[m[K’ {aka ‘[01m[Kstruct chassis_hw::MotorData[m[K’}
   32 |     motor_data_[id] = {0.0, 0.0, 0.0, 0, 0[01;31m[K}[m[K;
      |                                           [01;31m[K^[m[K
In file included from [01m[K/home/xybxy/simulation/src/chassis_hw/src/usb_can.cpp:1[m[K:
[01m[K/home/xybxy/simulation/src/chassis_hw/include/chassis_hw/usb_can.h:12:8:[m[K [01;36m[Knote: [m[Kforward declaration of ‘[01m[Kstd::map<int, chassis_hw::MotorData>::mapped_type[m[K’ {aka ‘[01m[Kstruct chassis_hw::MotorData[m[K’}
   12 | struct [01;36m[KMotorData[m[K;
      |        [01;36m[K^~~~~~~~~[m[K
[01m[K/home/xybxy/simulation/src/chassis_hw/src/usb_can.cpp:[m[K At global scope:
[01m[K/home/xybxy/simulation/src/chassis_hw/src/usb_can.cpp:117:44:[m[K [01;31m[Kerror: [m[Kreturn type ‘[01m[Kstruct chassis_hw::MotorData[m[K’ is incomplete
  117 | MotorData UsbCan::getMotorData(int motor_id[01;31m[K)[m[K
      |                                            [01;31m[K^[m[K
In file included from [01m[K/usr/include/c++/9/bits/stl_algobase.h:64[m[K,
                 from [01m[K/usr/include/c++/9/bits/char_traits.h:39[m[K,
                 from [01m[K/usr/include/c++/9/string:40[m[K,
                 from [01m[K/home/xybxy/simulation/src/chassis_hw/include/chassis_hw/usb_can.h:5[m[K,
                 from [01m[K/home/xybxy/simulation/src/chassis_hw/src/usb_can.cpp:1[m[K:
/usr/include/c++/9/bits/stl_pair.h: In instantiation of ‘[01m[Kstruct std::pair<const int, chassis_hw::MotorData>[m[K’:
[01m[K/home/xybxy/simulation/src/chassis_hw/src/usb_can.cpp:121:53:[m[K   required from here
[01m[K/usr/include/c++/9/bits/stl_pair.h:215:11:[m[K [01;31m[Kerror: [m[K‘[01m[Kstd::pair<_T1, _T2>::second[m[K’ has incomplete type
  215 |       _T2 [01;31m[Ksecond[m[K;                /// @c second is a copy of the second object
      |           [01;31m[K^~~~~~[m[K
In file included from [01m[K/home/xybxy/simulation/src/chassis_hw/src/usb_can.cpp:1[m[K:
[01m[K/home/xybxy/simulation/src/chassis_hw/include/chassis_hw/usb_can.h:12:8:[m[K [01;36m[Knote: [m[Kforward declaration of ‘[01m[Kstruct chassis_hw::MotorData[m[K’
   12 | struct [01;36m[KMotorData[m[K;
      |        [01;36m[K^~~~~~~~~[m[K
[01m[K/home/xybxy/simulation/src/chassis_hw/src/usb_can.cpp:[m[K In member function ‘[01m[Kcan_frame chassis_hw::UsbCan::createM3508CommandFrame(int, const chassis_hw::MotorCommand&)[m[K’:
[01m[K/home/xybxy/simulation/src/chassis_hw/src/usb_can.cpp:241:42:[m[K [01;31m[Kerror: [m[Kinvalid use of incomplete type ‘[01m[Kconst struct chassis_hw::MotorCommand[m[K’
  241 |   int16_t current = static_cast<int16_t>([01;31m[Kcmd[m[K.effort * MAX_CURRENT / MAX_TORQUE);
      |                                          [01;31m[K^~~[m[K
In file included from [01m[K/home/xybxy/simulation/src/chassis_hw/src/usb_can.cpp:1[m[K:
[01m[K/home/xybxy/simulation/src/chassis_hw/include/chassis_hw/usb_can.h:13:8:[m[K [01;36m[Knote: [m[Kforward declaration of ‘[01m[Kstruct chassis_hw::MotorCommand[m[K’
   13 | struct [01;36m[KMotorCommand[m[K;
      |        [01;36m[K^~~~~~~~~~~~[m[K
[01m[K/home/xybxy/simulation/src/chassis_hw/src/usb_can.cpp:[m[K In member function ‘[01m[Kvoid chassis_hw::UsbCan::parseM3508FeedbackFrame(const can_frame&)[m[K’:
[01m[K/home/xybxy/simulation/src/chassis_hw/src/usb_can.cpp:277:26:[m[K [01;31m[Kerror: [m[Kinvalid use of incomplete type ‘[01m[Kstd::map<int, chassis_hw::MotorData>::mapped_type[m[K’ {aka ‘[01m[Kstruct chassis_hw::MotorData[m[K’}
  277 |     motor_data_[motor_id][01;31m[K.[m[Kposition = raw_position * 0.01 * M_PI / 180.0;
      |                          [01;31m[K^[m[K
In file included from [01m[K/home/xybxy/simulation/src/chassis_hw/src/usb_can.cpp:1[m[K:
[01m[K/home/xybxy/simulation/src/chassis_hw/include/chassis_hw/usb_can.h:12:8:[m[K [01;36m[Knote: [m[Kforward declaration of ‘[01m[Kstd::map<int, chassis_hw::MotorData>::mapped_type[m[K’ {aka ‘[01m[Kstruct chassis_hw::MotorData[m[K’}
   12 | struct [01;36m[KMotorData[m[K;
      |        [01;36m[K^~~~~~~~~[m[K
[01m[K/home/xybxy/simulation/src/chassis_hw/src/usb_can.cpp:281:26:[m[K [01;31m[Kerror: [m[Kinvalid use of incomplete type ‘[01m[Kstd::map<int, chassis_hw::MotorData>::mapped_type[m[K’ {aka ‘[01m[Kstruct chassis_hw::MotorData[m[K’}
  281 |     motor_data_[motor_id][01;31m[K.[m[Kvelocity = raw_velocity * 2 * M_PI / 60.0;
      |                          [01;31m[K^[m[K
In file included from [01m[K/home/xybxy/simulation/src/chassis_hw/src/usb_can.cpp:1[m[K:
[01m[K/home/xybxy/simulation/src/chassis_hw/include/chassis_hw/usb_can.h:12:8:[m[K [01;36m[Knote: [m[Kforward declaration of ‘[01m[Kstd::map<int, chassis_hw::MotorData>::mapped_type[m[K’ {aka ‘[01m[Kstruct chassis_hw::MotorData[m[K’}
   12 | struct [01;36m[KMotorData[m[K;
      |        [01;36m[K^~~~~~~~~[m[K
[01m[K/home/xybxy/simulation/src/chassis_hw/src/usb_can.cpp:286:26:[m[K [01;31m[Kerror: [m[Kinvalid use of incomplete type ‘[01m[Kstd::map<int, chassis_hw::MotorData>::mapped_type[m[K’ {aka ‘[01m[Kstruct chassis_hw::MotorData[m[K’}
  286 |     motor_data_[motor_id][01;31m[K.[m[Keffort = raw_current * 0.001 * 0.1;
      |                          [01;31m[K^[m[K
In file included from [01m[K/home/xybxy/simulation/src/chassis_hw/src/usb_can.cpp:1[m[K:
[01m[K/home/xybxy/simulation/src/chassis_hw/include/chassis_hw/usb_can.h:12:8:[m[K [01;36m[Knote: [m[Kforward declaration of ‘[01m[Kstd::map<int, chassis_hw::MotorData>::mapped_type[m[K’ {aka ‘[01m[Kstruct chassis_hw::MotorData[m[K’}
   12 | struct [01;36m[KMotorData[m[K;
      |        [01;36m[K^~~~~~~~~[m[K
[01m[K/home/xybxy/simulation/src/chassis_hw/src/usb_can.cpp:289:26:[m[K [01;31m[Kerror: [m[Kinvalid use of incomplete type ‘[01m[Kstd::map<int, chassis_hw::MotorData>::mapped_type[m[K’ {aka ‘[01m[Kstruct chassis_hw::MotorData[m[K’}
  289 |     motor_data_[motor_id][01;31m[K.[m[Ktemperature = frame.data[6];
      |                          [01;31m[K^[m[K
In file included from [01m[K/home/xybxy/simulation/src/chassis_hw/src/usb_can.cpp:1[m[K:
[01m[K/home/xybxy/simulation/src/chassis_hw/include/chassis_hw/usb_can.h:12:8:[m[K [01;36m[Knote: [m[Kforward declaration of ‘[01m[Kstd::map<int, chassis_hw::MotorData>::mapped_type[m[K’ {aka ‘[01m[Kstruct chassis_hw::MotorData[m[K’}
   12 | struct [01;36m[KMotorData[m[K;
      |        [01;36m[K^~~~~~~~~[m[K
[01m[K/home/xybxy/simulation/src/chassis_hw/src/usb_can.cpp:292:26:[m[K [01;31m[Kerror: [m[Kinvalid use of incomplete type ‘[01m[Kstd::map<int, chassis_hw::MotorData>::mapped_type[m[K’ {aka ‘[01m[Kstruct chassis_hw::MotorData[m[K’}
  292 |     motor_data_[motor_id][01;31m[K.[m[Kerror_code = frame.data[7];
      |                          [01;31m[K^[m[K
In file included from [01m[K/home/xybxy/simulation/src/chassis_hw/src/usb_can.cpp:1[m[K:
[01m[K/home/xybxy/simulation/src/chassis_hw/include/chassis_hw/usb_can.h:12:8:[m[K [01;36m[Knote: [m[Kforward declaration of ‘[01m[Kstd::map<int, chassis_hw::MotorData>::mapped_type[m[K’ {aka ‘[01m[Kstruct chassis_hw::MotorData[m[K’}
   12 | struct [01;36m[KMotorData[m[K;
      |        [01;36m[K^~~~~~~~~[m[K
[01m[K/home/xybxy/simulation/src/chassis_hw/src/chassis_hw.cpp:[m[K In member function ‘[01m[Kvirtual void chassis_hw::ChassisHW::write(const ros::Time&, const ros::Duration&)[m[K’:
[01m[K/home/xybxy/simulation/src/chassis_hw/src/chassis_hw.cpp:124:23:[m[K [01;31m[Kerror: [m[K‘[01m[Kclamp[m[K’ is not a member of ‘[01m[Kstd[m[K’
  124 |     cmd.effort = std::[01;31m[Kclamp[m[K(cmd.effort, -MAX_EFFORT, MAX_EFFORT);
      |                       [01;31m[K^~~~~[m[K
make[2]: *** [CMakeFiles/chassis_hw.dir/build.make:76：CMakeFiles/chassis_hw.dir/src/usb_can.cpp.o] 错误 1
make[2]: *** 正在等待未完成的任务....
make[2]: *** [CMakeFiles/chassis_hw.dir/build.make:63：CMakeFiles/chassis_hw.dir/src/chassis_hw.cpp.o] 错误 1
make[1]: *** [CMakeFiles/Makefile2:746：CMakeFiles/chassis_hw.dir/all] 错误 2
make: *** [Makefile:141：all] 错误 2
