In file included from [01m[K/home/xybxy/simulation/src/chassis_hw/include/chassis_hw/chassis_hw.h:13[m[K,
                 from [01m[K/home/xybxy/simulation/src/chassis_hw/src/chassis_hw.cpp:1[m[K:
[01m[K/home/xybxy/simulation/src/chassis_hw/include/chassis_hw/usb_can.h:44:3:[m[K [01;31m[Kerror: [m[K‘[01m[KMotorData[m[K’ does not name a type
   44 |   [01;31m[KMotorData[m[K getMotorData(int motor_id);
      |   [01;31m[K^~~~~~~~~[m[K
[01m[K/home/xybxy/simulation/src/chassis_hw/include/chassis_hw/usb_can.h:51:45:[m[K [01;31m[Kerror: [m[K‘[01m[KMotorCommand[m[K’ does not name a type
   51 |   void sendMotorCommand(int motor_id, const [01;31m[KMotorCommand[m[K& cmd);
      |                                             [01;31m[K^~~~~~~~~~~~[m[K
[01m[K/home/xybxy/simulation/src/chassis_hw/include/chassis_hw/usb_can.h:68:17:[m[K [01;31m[Kerror: [m[K‘[01m[KMotorData[m[K’ was not declared in this scope
   68 |   std::map<int, [01;31m[KMotorData[m[K> motor_data_;
      |                 [01;31m[K^~~~~~~~~[m[K
[01m[K/home/xybxy/simulation/src/chassis_hw/include/chassis_hw/usb_can.h:68:26:[m[K [01;31m[Kerror: [m[Ktemplate argument 2 is invalid
   68 |   std::map<int, MotorData[01;31m[K>[m[K motor_data_;
      |                          [01;31m[K^[m[K
[01m[K/home/xybxy/simulation/src/chassis_hw/include/chassis_hw/usb_can.h:68:26:[m[K [01;31m[Kerror: [m[Ktemplate argument 4 is invalid
[01m[K/home/xybxy/simulation/src/chassis_hw/include/chassis_hw/usb_can.h:78:57:[m[K [01;31m[Kerror: [m[K‘[01m[KMotorCommand[m[K’ does not name a type
   78 |   can_frame createM3508CommandFrame(int motor_id, const [01;31m[KMotorCommand[m[K& cmd);
      |                                                         [01;31m[K^~~~~~~~~~~~[m[K
In file included from [01m[K/home/xybxy/simulation/src/chassis_hw/include/chassis_hw/usb_can.h:10[m[K,
                 from [01m[K/home/xybxy/simulation/src/chassis_hw/src/usb_can.cpp:1[m[K:
[01m[K/home/xybxy/simulation/src/chassis_hw/include/chassis_hw/chassis_hw.h:82:31:[m[K [01;31m[Kerror: [m[K‘[01m[KUsbCan[m[K’ is not a member of ‘[01m[Kchassis_hw[m[K’
   82 |   std::unique_ptr<chassis_hw::[01;31m[KUsbCan[m[K> usb_can_;
      |                               [01;31m[K^~~~~~[m[K
[01m[K/home/xybxy/simulation/src/chassis_hw/include/chassis_hw/chassis_hw.h:82:37:[m[K [01;31m[Kerror: [m[Ktemplate argument 1 is invalid
   82 |   std::unique_ptr<chassis_hw::UsbCan[01;31m[K>[m[K usb_can_;
      |                                     [01;31m[K^[m[K
[01m[K/home/xybxy/simulation/src/chassis_hw/include/chassis_hw/chassis_hw.h:82:37:[m[K [01;31m[Kerror: [m[Ktemplate argument 2 is invalid
[01m[K/home/xybxy/simulation/src/chassis_hw/src/chassis_hw.cpp:[m[K In member function ‘[01m[Kvirtual void chassis_hw::ChassisHW::read(const ros::Time&, const ros::Duration&)[m[K’:
[01m[K/home/xybxy/simulation/src/chassis_hw/src/chassis_hw.cpp:95:32:[m[K [01;31m[Kerror: [m[K‘[01m[Kclass chassis_hw::UsbCan[m[K’ has no member named ‘[01m[KgetMotorData[m[K’
   95 |     MotorData data = usb_can_->[01;31m[KgetMotorData[m[K(id);
      |                                [01;31m[K^~~~~~~~~~~~[m[K
[01m[K/home/xybxy/simulation/src/chassis_hw/src/chassis_hw.cpp:[m[K In member function ‘[01m[Kvirtual void chassis_hw::ChassisHW::write(const ros::Time&, const ros::Duration&)[m[K’:
[01m[K/home/xybxy/simulation/src/chassis_hw/src/chassis_hw.cpp:126:36:[m[K [01;31m[Kerror: [m[Kcannot convert ‘[01m[Kchassis_hw::MotorCommand[m[K’ to ‘[01m[Kconst int&[m[K’
  126 |     usb_can_->sendMotorCommand(id, [01;31m[Kcmd[m[K);
      |                                    [01;31m[K^~~[m[K
      |                                    [01;31m[K|[m[K
      |                                    [01;31m[Kchassis_hw::MotorCommand[m[K
In file included from [01m[K/home/xybxy/simulation/src/chassis_hw/include/chassis_hw/chassis_hw.h:13[m[K,
                 from [01m[K/home/xybxy/simulation/src/chassis_hw/src/chassis_hw.cpp:1[m[K:
[01m[K/home/xybxy/simulation/src/chassis_hw/include/chassis_hw/usb_can.h:51:59:[m[K [01;36m[Knote: [m[K  initializing argument 2 of ‘[01m[Kvoid chassis_hw::UsbCan::sendMotorCommand(int, const int&)[m[K’
   51 |   void sendMotorCommand(int motor_id, [01;36m[Kconst MotorCommand& cmd[m[K);
      |                                       [01;36m[K~~~~~~~~~~~~~~~~~~~~^~~[m[K
make[2]: *** [CMakeFiles/chassis_hw.dir/build.make:76：CMakeFiles/chassis_hw.dir/src/usb_can.cpp.o] 错误 1
make[2]: *** 正在等待未完成的任务....
make[2]: *** [CMakeFiles/chassis_hw.dir/build.make:63：CMakeFiles/chassis_hw.dir/src/chassis_hw.cpp.o] 错误 1
make[1]: *** [CMakeFiles/Makefile2:746：CMakeFiles/chassis_hw.dir/all] 错误 2
make: *** [Makefile:141：all] 错误 2
